<?xml version="1.0" encoding="UTF-8"?>
<!-- Generated by org.testng.reporters.JUnitXMLReporter -->
<testsuite hostname="DESKTOP-TJOH7SC" name="Default test" tests="1" failures="0" timestamp="22 May 2020 05:36:18 GMT" time="0.058" errors="0">
  <testcase name="@BeforeTest browserTest" time="0.0" classname="com.abc.testingscripts.CrossBrowserTesting">
    <failure type="org.testng.TestNGException" message="
Parameter &amp;apos;browser_parameter&amp;apos; is required by @Configuration on method browserTest but has not been marked @Optional or defined
in C:\Users\MohanRaj\AppData\Local\Temp\testng-eclipse--849565369\testng-customsuite.xml">
      <![CDATA[org.testng.TestNGException: 
Parameter 'browser_parameter' is required by @Configuration on method browserTest but has not been marked @Optional or defined
in C:\Users\MohanRaj\AppData\Local\Temp\testng-eclipse--849565369\testng-customsuite.xml
	at org.testng.internal.Parameters.createParameters(Parameters.java:155)
	at org.testng.internal.Parameters.createParameters(Parameters.java:355)
	at org.testng.internal.Parameters.createConfigurationParameters(Parameters.java:86)
	at org.testng.internal.Invoker.invokeConfigurations(Invoker.java:199)
	at org.testng.internal.Invoker.invokeConfigurations(Invoker.java:138)
	at org.testng.TestRunner.beforeRun(TestRunner.java:641)
	at org.testng.TestRunner.run(TestRunner.java:609)
	at org.testng.SuiteRunner.runTest(SuiteRunner.java:334)
	at org.testng.SuiteRunner.runSequentially(SuiteRunner.java:329)
	at org.testng.SuiteRunner.privateRun(SuiteRunner.java:291)
	at org.testng.SuiteRunner.run(SuiteRunner.java:240)
	at org.testng.SuiteRunnerWorker.runSuite(SuiteRunnerWorker.java:53)
	at org.testng.SuiteRunnerWorker.run(SuiteRunnerWorker.java:87)
	at org.testng.TestNG.runSuitesSequentially(TestNG.java:1188)
	at org.testng.TestNG.runSuitesLocally(TestNG.java:1113)
	at org.testng.TestNG.run(TestNG.java:1025)
	at org.testng.remote.AbstractRemoteTestNG.run(AbstractRemoteTestNG.java:126)
	at org.testng.remote.RemoteTestNG.initAndRun(RemoteTestNG.java:137)
	at org.testng.remote.RemoteTestNG.main(RemoteTestNG.java:58)
]]>
    </failure>
  </testcase> <!-- @BeforeTest browserTest -->
  <testcase name="magento" time="0.013" classname="com.abc.testingscripts.CrossBrowserTesting">
    <skipped/>
  </testcase> <!-- magento -->
</testsuite> <!-- Default test -->
